c:\users\michał\source\repos\mgsroda8302\projekt pk4\mario\release\vc142.pdb
c:\users\michał\source\repos\mgsroda8302\projekt pk4\mario\release\tilemap.obj
c:\users\michał\source\repos\mgsroda8302\projekt pk4\mario\release\options.obj
c:\users\michał\source\repos\mgsroda8302\projekt pk4\mario\release\optionbase.obj
c:\users\michał\source\repos\mgsroda8302\projekt pk4\mario\release\npc.obj
c:\users\michał\source\repos\mgsroda8302\projekt pk4\mario\release\menu.obj
c:\users\michał\source\repos\mgsroda8302\projekt pk4\mario\release\mario.obj
c:\users\michał\source\repos\mgsroda8302\projekt pk4\mario\release\main.obj
c:\users\michał\source\repos\mgsroda8302\projekt pk4\mario\release\leaderboard.obj
c:\users\michał\source\repos\mgsroda8302\projekt pk4\mario\release\koopa.obj
c:\users\michał\source\repos\mgsroda8302\projekt pk4\mario\release\instruction.obj
c:\users\michał\source\repos\mgsroda8302\projekt pk4\mario\release\goomba.obj
c:\users\michał\source\repos\mgsroda8302\projekt pk4\mario\release\gameobject.obj
c:\users\michał\source\repos\mgsroda8302\projekt pk4\mario\release\gamemanager.obj
c:\users\michał\source\repos\mgsroda8302\projekt pk4\mario\release\functions.obj
c:\users\michał\source\repos\mgsroda8302\projekt pk4\mario\release\classes.obj
c:\users\michał\source\repos\mgsroda8302\projekt pk4\mario\release\browser.obj
c:\users\michał\source\repos\mgsroda8302\projekt pk4\release\mario.exe
c:\users\michał\source\repos\mgsroda8302\projekt pk4\release\mario.pdb
c:\users\michał\source\repos\mgsroda8302\projekt pk4\release\mario.ipdb
c:\users\michał\source\repos\mgsroda8302\projekt pk4\release\mario.iobj
c:\users\michał\source\repos\mgsroda8302\projekt pk4\mario\release\mario.tlog\cl.command.1.tlog
c:\users\michał\source\repos\mgsroda8302\projekt pk4\mario\release\mario.tlog\cl.read.1.tlog
c:\users\michał\source\repos\mgsroda8302\projekt pk4\mario\release\mario.tlog\cl.write.1.tlog
c:\users\michał\source\repos\mgsroda8302\projekt pk4\mario\release\mario.tlog\link.command.1.tlog
c:\users\michał\source\repos\mgsroda8302\projekt pk4\mario\release\mario.tlog\link.read.1.tlog
c:\users\michał\source\repos\mgsroda8302\projekt pk4\mario\release\mario.tlog\link.write.1.tlog
c:\users\michał\source\repos\mgsroda8302\projekt pk4\mario\release\mario.tlog\mario.write.1u.tlog
